#
# A fatal error has been detected by the Java Runtime Environment:
#
#  SIGBUS (0xa) at pc=0x000000010d60e80c, pid=22824, tid=0x0000000000001003
#
# JRE version: Java(TM) SE Runtime Environment (8.0_211-b12) (build 1.8.0_211-b12)
# Java VM: Java HotSpot(TM) 64-Bit Server VM (25.211-b12 mixed mode bsd-amd64 compressed oops)
# Problematic frame:
# j  高频题.findMedianSortedArrays_4.find([II[III)I+0
#
# Failed to write core dump. Core dumps have been disabled. To enable core dumping, try "ulimit -c unlimited" before starting Java again
#
# If you would like to submit a bug report, please visit:
#   http://bugreport.java.com/bugreport/crash.jsp
#

---------------  T H R E A D  ---------------

Current thread (0x00007f83fc009000):  JavaThread "main" [_thread_in_Java, id=4099, stack(0x0000700005c0f000,0x0000700005d0f000)]

siginfo: si_signo: 10 (SIGBUS), si_code: 2 (BUS_ADRERR), si_addr: 0x0000700005c0ffa8

Registers:
RAX=0x000000012f5514c8, RBX=0x000000012f551208, RCX=0x00000000000002c0, RDX=0x000000012f551378
RSP=0x0000700005c23fa8, RBP=0x0000700005c23fe8, RSI=0x0000000000000007, RDI=0x0000000000000000
R8 =0x0000000000000000, R9 =0x00007f83fc009000, R10=0x000000010c8fd820, R11=0x0000000000000246
R12=0x0000000000000000, R13=0x000000012f551118, R14=0x0000700005c24030, R15=0x00007f83fc009000
RIP=0x000000010d60e80c, EFLAGS=0x0000000000010206, ERR=0x0000000000000006
  TRAPNO=0x000000000000000e

Top of Stack: (sp=0x0000700005c23fa8)
0x0000700005c23fa8:   0000700005c23fa8 000000012f551118
0x0000700005c23fb8:   0000700005c24030 000000012f551378
0x0000700005c23fc8:   000000012f5515c8 000000012f551208
0x0000700005c23fd8:   0000000000000000 0000700005c24010
0x0000700005c23fe8:   0000700005c24078 000000010d5fcda0
0x0000700005c23ff8:   0000000000000000 0000000000000000
0x0000700005c24008:   0000000000000000 0000000000000001
0x0000700005c24018:   0000000000000000 00000007157472f8
0x0000700005c24028:   0000000000000001 00000007157472e0
0x0000700005c24038:   0000700005c24038 000000012f551183
0x0000700005c24048:   0000700005c240c0 000000012f551378
0x0000700005c24058:   000000012f5516a8 000000012f551208
0x0000700005c24068:   0000700005c24010 0000700005c240a0
0x0000700005c24078:   0000700005c24108 000000010d5fcda0
0x0000700005c24088:   0000000000000003 0000000000000002
0x0000700005c24098:   0000000000000000 0000000000000001
0x0000700005c240a8:   0000000000000000 00000007157472f8
0x0000700005c240b8:   0000000000000001 00000007157472e0
0x0000700005c240c8:   0000700005c240c8 000000012f551183
0x0000700005c240d8:   0000700005c24150 000000012f551378
0x0000700005c240e8:   000000012f5516a8 000000012f551208
0x0000700005c240f8:   0000700005c240a0 0000700005c24130
0x0000700005c24108:   0000700005c24198 000000010d5fcda0
0x0000700005c24118:   0000000000000003 0000000000000002
0x0000700005c24128:   0000000000000000 0000000000000001
0x0000700005c24138:   0000000000000000 00000007157472f8
0x0000700005c24148:   0000000000000001 00000007157472e0
0x0000700005c24158:   0000700005c24158 000000012f551183
0x0000700005c24168:   0000700005c241e0 000000012f551378
0x0000700005c24178:   000000012f5516a8 000000012f551208
0x0000700005c24188:   0000700005c24130 0000700005c241c0
0x0000700005c24198:   0000700005c24228 000000010d5fcda0 

Instructions: (pc=0x000000010d60e80c)
0x000000010d60e7ec:   00 10 ff ff 89 84 24 00 00 ff ff 89 84 24 00 f0
0x000000010d60e7fc:   fe ff 89 84 24 00 e0 fe ff 89 84 24 00 d0 fe ff
0x000000010d60e80c:   89 84 24 00 c0 fe ff 41 c6 87 95 02 00 00 00 41
0x000000010d60e81c:   8b 97 98 03 00 00 85 d2 0f 84 25 01 00 00 e8 05 

Register to memory mapping:

RAX=0x000000012f5514c8 is pointing into metadata
RBX={method} {0x000000012f551208} 'find' '([II[III)I' in '高频题/findMedianSortedArrays_4'
RCX=0x00000000000002c0 is an unknown value
RDX=0x000000012f551378 is pointing into metadata
RSP=0x0000700005c23fa8 is pointing into the stack for thread: 0x00007f83fc009000
RBP=0x0000700005c23fe8 is pointing into the stack for thread: 0x00007f83fc009000
RSI=0x0000000000000007 is an unknown value
RDI=0x0000000000000000 is an unknown value
R8 =0x0000000000000000 is an unknown value
R9 =0x00007f83fc009000 is a thread
R10=0x000000010c8fd820: _ZN19TemplateInterpreter20_invoke_return_entryE+0 in /Library/Java/JavaVirtualMachines/jdk1.8.0_211.jdk/Contents/Home/jre/lib/server/libjvm.dylib at 0x000000010c000000
R11=0x0000000000000246 is an unknown value
R12=0x0000000000000000 is an unknown value
R13=0x000000012f551118 is pointing into metadata
R14=0x0000700005c24030 is pointing into the stack for thread: 0x00007f83fc009000
R15=0x00007f83fc009000 is a thread


Stack: [0x0000700005c0f000,0x0000700005d0f000],  sp=0x0000700005c23fa8,  free space=83k
Native frames: (J=compiled Java code, j=interpreted, Vv=VM code, C=native code)
j  高频题.findMedianSortedArrays_4.find([II[III)I+0
j  高频题.findMedianSortedArrays_4.find([II[III)I+107
j  高频题.findMedianSortedArrays_4.find([II[III)I+107
j  高频题.findMedianSortedArrays_4.find([II[III)I+107
j  高频题.findMedianSortedArrays_4.find([II[III)I+107
j  高频题.findMedianSortedArrays_4.find([II[III)I+107
j  高频题.findMedianSortedArrays_4.find([II[III)I+107
j  高频题.findMedianSortedArrays_4.find([II[III)I+107
j  高频题.findMedianSortedArrays_4.find([II[III)I+107
j  高频题.findMedianSortedArrays_4.find([II[III)I+107
j  高频题.findMedianSortedArrays_4.find([II[III)I+107
j  高频题.findMedianSortedArrays_4.find([II[III)I+107
j  高频题.findMedianSortedArrays_4.find([II[III)I+107
j  高频题.findMedianSortedArrays_4.find([II[III)I+107
j  高频题.findMedianSortedArrays_4.find([II[III)I+107
j  高频题.findMedianSortedArrays_4.find([II[III)I+107
j  高频题.findMedianSortedArrays_4.find([II[III)I+107
j  高频题.findMedianSortedArrays_4.find([II[III)I+107
j  高频题.findMedianSortedArrays_4.find([II[III)I+107
j  高频题.findMedianSortedArrays_4.find([II[III)I+107
j  高频题.findMedianSortedArrays_4.find([II[III)I+107
j  高频题.findMedianSortedArrays_4.find([II[III)I+107
j  高频题.findMedianSortedArrays_4.find([II[III)I+107
j  高频题.findMedianSortedArrays_4.find([II[III)I+107
j  高频题.findMedianSortedArrays_4.find([II[III)I+107
j  高频题.findMedianSortedArrays_4.find([II[III)I+107
j  高频题.findMedianSortedArrays_4.find([II[III)I+107
j  高频题.findMedianSortedArrays_4.find([II[III)I+107
j  高频题.findMedianSortedArrays_4.find([II[III)I+107
j  高频题.findMedianSortedArrays_4.find([II[III)I+107
j  高频题.findMedianSortedArrays_4.find([II[III)I+107
j  高频题.findMedianSortedArrays_4.find([II[III)I+107
j  高频题.findMedianSortedArrays_4.find([II[III)I+107
j  高频题.findMedianSortedArrays_4.find([II[III)I+107
j  高频题.findMedianSortedArrays_4.find([II[III)I+107
j  高频题.findMedianSortedArrays_4.find([II[III)I+107
j  高频题.findMedianSortedArrays_4.find([II[III)I+107
j  高频题.findMedianSortedArrays_4.find([II[III)I+107
j  高频题.findMedianSortedArrays_4.find([II[III)I+107
j  高频题.findMedianSortedArrays_4.find([II[III)I+107
j  高频题.findMedianSortedArrays_4.find([II[III)I+107
j  高频题.findMedianSortedArrays_4.find([II[III)I+107
j  高频题.findMedianSortedArrays_4.find([II[III)I+107
j  高频题.findMedianSortedArrays_4.find([II[III)I+107
j  高频题.findMedianSortedArrays_4.find([II[III)I+107
j  高频题.findMedianSortedArrays_4.find([II[III)I+107
j  高频题.findMedianSortedArrays_4.find([II[III)I+107
j  高频题.findMedianSortedArrays_4.find([II[III)I+107
j  高频题.findMedianSortedArrays_4.find([II[III)I+107
j  高频题.findMedianSortedArrays_4.find([II[III)I+107
j  高频题.findMedianSortedArrays_4.find([II[III)I+107
j  高频题.findMedianSortedArrays_4.find([II[III)I+107
j  高频题.findMedianSortedArrays_4.find([II[III)I+107
j  高频题.findMedianSortedArrays_4.find([II[III)I+107
j  高频题.findMedianSortedArrays_4.find([II[III)I+107
j  高频题.findMedianSortedArrays_4.find([II[III)I+107
j  高频题.findMedianSortedArrays_4.find([II[III)I+107
j  高频题.findMedianSortedArrays_4.find([II[III)I+107
j  高频题.findMedianSortedArrays_4.find([II[III)I+107
j  高频题.findMedianSortedArrays_4.find([II[III)I+107
j  高频题.findMedianSortedArrays_4.find([II[III)I+107
j  高频题.findMedianSortedArrays_4.find([II[III)I+107
j  高频题.findMedianSortedArrays_4.find([II[III)I+107
j  高频题.findMedianSortedArrays_4.find([II[III)I+107
j  高频题.findMedianSortedArrays_4.find([II[III)I+107
j  高频题.findMedianSortedArrays_4.find([II[III)I+107
j  高频题.findMedianSortedArrays_4.find([II[III)I+107
j  高频题.findMedianSortedArrays_4.find([II[III)I+107
j  高频题.findMedianSortedArrays_4.find([II[III)I+107
j  高频题.findMedianSortedArrays_4.find([II[III)I+107
j  高频题.findMedianSortedArrays_4.find([II[III)I+107
j  高频题.findMedianSortedArrays_4.find([II[III)I+107
j  高频题.findMedianSortedArrays_4.find([II[III)I+107
j  高频题.findMedianSortedArrays_4.find([II[III)I+107
j  高频题.findMedianSortedArrays_4.find([II[III)I+107
j  高频题.findMedianSortedArrays_4.find([II[III)I+107
j  高频题.findMedianSortedArrays_4.find([II[III)I+107
j  高频题.findMedianSortedArrays_4.find([II[III)I+107
j  高频题.findMedianSortedArrays_4.find([II[III)I+107
j  高频题.findMedianSortedArrays_4.find([II[III)I+107
j  高频题.findMedianSortedArrays_4.find([II[III)I+107
j  高频题.findMedianSortedArrays_4.find([II[III)I+107
j  高频题.findMedianSortedArrays_4.find([II[III)I+107
j  高频题.findMedianSortedArrays_4.find([II[III)I+107
j  高频题.findMedianSortedArrays_4.find([II[III)I+107
j  高频题.findMedianSortedArrays_4.find([II[III)I+107
j  高频题.findMedianSortedArrays_4.find([II[III)I+107
j  高频题.findMedianSortedArrays_4.find([II[III)I+107
j  高频题.findMedianSortedArrays_4.find([II[III)I+107
j  高频题.findMedianSortedArrays_4.find([II[III)I+107
j  高频题.findMedianSortedArrays_4.find([II[III)I+107
j  高频题.findMedianSortedArrays_4.find([II[III)I+107
j  高频题.findMedianSortedArrays_4.find([II[III)I+107
j  高频题.findMedianSortedArrays_4.find([II[III)I+107
j  高频题.findMedianSortedArrays_4.find([II[III)I+107
j  高频题.findMedianSortedArrays_4.find([II[III)I+107
j  高频题.findMedianSortedArrays_4.find([II[III)I+107
j  高频题.findMedianSortedArrays_4.find([II[III)I+107
j  高频题.findMedianSortedArrays_4.find([II[III)I+107
j  高频题.findMedianSortedArrays_4.find([II[III)I+107
...<more frames>...


---------------  P R O C E S S  ---------------

Java Threads: ( => current thread )
  0x00007f83fc045800 JavaThread "Service Thread" daemon [_thread_blocked, id=24067, stack(0x00007000073da000,0x00007000074da000)]
  0x00007f83ec845000 JavaThread "C1 CompilerThread3" daemon [_thread_blocked, id=43011, stack(0x00007000072d7000,0x00007000073d7000)]
  0x00007f83ec00b800 JavaThread "C2 CompilerThread2" daemon [_thread_blocked, id=23299, stack(0x00007000071d4000,0x00007000072d4000)]
  0x00007f83ec00a800 JavaThread "C2 CompilerThread1" daemon [_thread_blocked, id=43267, stack(0x00007000070d1000,0x00007000071d1000)]
  0x00007f83fc03d000 JavaThread "C2 CompilerThread0" daemon [_thread_blocked, id=22531, stack(0x0000700006fce000,0x00007000070ce000)]
  0x00007f83ec812800 JavaThread "JDWP Event Helper Thread" daemon [_thread_blocked, id=17155, stack(0x0000700006dc8000,0x0000700006ec8000)]
  0x00007f83ec810000 JavaThread "Signal Dispatcher" daemon [_thread_blocked, id=17671, stack(0x0000700006bc2000,0x0000700006cc2000)]
  0x00007f83fb819000 JavaThread "Finalizer" daemon [_thread_blocked, id=19459, stack(0x0000700006936000,0x0000700006a36000)]
  0x00007f83fb818800 JavaThread "Reference Handler" daemon [_thread_blocked, id=19715, stack(0x0000700006833000,0x0000700006933000)]
=>0x00007f83fc009000 JavaThread "main" [_thread_in_Java, id=4099, stack(0x0000700005c0f000,0x0000700005d0f000)]

Other Threads:
  0x00007f83fc84c000 VMThread [stack: 0x0000700006730000,0x0000700006830000] [id=12803]
  0x00007f83fc046800 WatcherThread [stack: 0x00007000074dd000,0x00007000075dd000] [id=24579]

VM state:not at safepoint (normal execution)

VM Mutex/Monitor currently owned by a thread: None

OutOfMemory and StackOverflow Exception counts:
StackOverflowErrors=1

heap address: 0x00000005c0000000, size: 8192 MB, Compressed Oops mode: Zero based, Oop shift amount: 3
Narrow klass base: 0x0000000000000000, Narrow klass shift: 3
Compressed class space size: 1073741824 Address: 0x00000007c0000000

Heap:
 PSYoungGen      total 153088K, used 7895K [0x0000000715580000, 0x0000000720000000, 0x00000007c0000000)
  eden space 131584K, 6% used [0x0000000715580000,0x0000000715d35c68,0x000000071d600000)
  from space 21504K, 0% used [0x000000071eb00000,0x000000071eb00000,0x0000000720000000)
  to   space 21504K, 0% used [0x000000071d600000,0x000000071d600000,0x000000071eb00000)
 ParOldGen       total 349696K, used 0K [0x00000005c0000000, 0x00000005d5580000, 0x0000000715580000)
  object space 349696K, 0% used [0x00000005c0000000,0x00000005c0000000,0x00000005d5580000)
 Metaspace       used 2944K, capacity 4556K, committed 4864K, reserved 1056768K
  class space    used 311K, capacity 392K, committed 512K, reserved 1048576K

Card table byte_map: [0x000000011c5f5000,0x000000011d5f6000] byte_map_base: 0x00000001197f5000

Marking Bits: (ParMarkBitMap*) 0x000000010c8fbe40
 Begin Bits: [0x000000011e0a1000, 0x00000001260a1000)
 End Bits:   [0x00000001260a1000, 0x000000012e0a1000)

Polling page: 0x0000000105fd8000

CodeCache: size=245760Kb used=1136Kb max_used=1148Kb free=244623Kb
 bounds [0x000000010d5f5000, 0x000000010d865000, 0x000000011c5f5000]
 total_blobs=263 nmethods=30 adapters=156
 compilation: enabled

Compilation events (10 events):
Event: 0.195 Thread 0x00007f83ec845000 nmethod 22 0x000000010d708190 code [0x000000010d7083c0, 0x000000010d708e78]
Event: 0.195 Thread 0x00007f83ec845000   23       3       java.util.ArrayList::elementData (7 bytes)
Event: 0.195 Thread 0x00007f83ec845000 nmethod 23 0x000000010d70fe10 code [0x000000010d70ff80, 0x000000010d710110]
Event: 0.195 Thread 0x00007f83ec845000   28       1       java.lang.ref.Reference::get (5 bytes)
Event: 0.195 Thread 0x00007f83ec845000 nmethod 28 0x000000010d705050 code [0x000000010d7051a0, 0x000000010d7052b0]
Event: 0.195 Thread 0x00007f83ec845000   25       1       java.net.URL::getPath (5 bytes)
Event: 0.196 Thread 0x00007f83ec845000 nmethod 25 0x000000010d710210 code [0x000000010d710360, 0x000000010d710470]
Event: 0.196 Thread 0x00007f83ec845000   29       1       java.net.URL::getAuthority (5 bytes)
Event: 0.196 Thread 0x00007f83ec845000 nmethod 29 0x000000010d7104d0 code [0x000000010d710620, 0x000000010d710730]
Event: 352.106 Thread 0x00007f83fc03d000   30       4       高频题.findMedianSortedArrays_4::find (127 bytes)

GC Heap History (0 events):
No events

Deoptimization events (0 events):
No events

Classes redefined (0 events):
No events

Internal exceptions (3 events):
Event: 0.031 Thread 0x00007f83fc009000 Exception <a 'java/lang/NoSuchMethodError': Method sun.misc.Unsafe.defineClass(Ljava/lang/String;[BII)Ljava/lang/Class; name or signature does not match> (0x0000000715587cb0) thrown at [/Users/java_re/workspace/8-2-build-macosx-x86_64/jdk8u211/12973/hotsp
Event: 0.031 Thread 0x00007f83fc009000 Exception <a 'java/lang/NoSuchMethodError': Method sun.misc.Unsafe.prefetchRead(Ljava/lang/Object;J)V name or signature does not match> (0x0000000715587f98) thrown at [/Users/java_re/workspace/8-2-build-macosx-x86_64/jdk8u211/12973/hotspot/src/share/vm/pr
Event: 226.813 Thread 0x00007f83fc009000 Exception <a 'java/lang/StackOverflowError'> (0x0000000715747310) thrown at [/Users/java_re/workspace/8-2-build-macosx-x86_64/jdk8u211/12973/hotspot/src/share/vm/interpreter/interpreterRuntime.cpp, line 325]

Events (10 events):
Event: 350.862 Executing VM operation: ChangeBreakpoints
Event: 350.862 Executing VM operation: ChangeBreakpoints done
Event: 352.106 Executing VM operation: ChangeBreakpoints
Event: 352.106 Executing VM operation: ChangeBreakpoints done
Event: 352.106 Executing VM operation: ChangeBreakpoints
Event: 352.106 Executing VM operation: ChangeBreakpoints done
Event: 352.106 Executing VM operation: ChangeBreakpoints
Event: 352.106 Executing VM operation: ChangeBreakpoints done
Event: 352.106 Thread 0x00007f83ec815000 Thread exited: 0x00007f83ec815000
Event: 352.106 Thread 0x00007f83ec813800 Thread exited: 0x00007f83ec813800


Dynamic libraries:
0x00007fff350ef000 	/System/Library/Frameworks/Cocoa.framework/Versions/A/Cocoa
0x00007fff22314000 	/System/Library/Frameworks/Security.framework/Versions/A/Security
0x00007fff332ec000 	/System/Library/Frameworks/ApplicationServices.framework/Versions/A/ApplicationServices
0x00007fff2a59d000 	/usr/lib/libz.1.dylib
0x00007fff2a665000 	/usr/lib/libSystem.B.dylib
0x00007fff202fa000 	/usr/lib/libobjc.A.dylib
0x00007fff204da000 	/System/Library/Frameworks/CoreFoundation.framework/Versions/A/CoreFoundation
0x00007fff21287000 	/System/Library/Frameworks/Foundation.framework/Versions/C/Foundation
0x00007fff22d3b000 	/System/Library/Frameworks/AppKit.framework/Versions/C/AppKit
0x00007fff25bd3000 	/System/Library/Frameworks/CoreData.framework/Versions/A/CoreData
0x00007fff23a9e000 	/System/Library/PrivateFrameworks/UIFoundation.framework/Versions/A/UIFoundation
0x00007fff2fccb000 	/System/Library/PrivateFrameworks/RemoteViewServices.framework/Versions/A/RemoteViewServices
0x00007fff28ac4000 	/System/Library/PrivateFrameworks/XCTTargetBootstrap.framework/Versions/A/XCTTargetBootstrap
0x00007fff2b7a5000 	/usr/lib/libspindump.dylib
0x00007fff23cf3000 	/System/Library/Frameworks/UniformTypeIdentifiers.framework/Versions/A/UniformTypeIdentifiers
0x00007fff2729a000 	/usr/lib/libapp_launch_measurement.dylib
0x00007fff2729d000 	/System/Library/PrivateFrameworks/CoreAutoLayout.framework/Versions/A/CoreAutoLayout
0x00007fff28426000 	/System/Library/Frameworks/Metal.framework/Versions/A/Metal
0x00007fff29116000 	/usr/lib/liblangid.dylib
0x00007fff28ac8000 	/System/Library/PrivateFrameworks/CoreSVG.framework/Versions/A/CoreSVG
0x00007fff24cda000 	/System/Library/PrivateFrameworks/SkyLight.framework/Versions/A/SkyLight
0x00007fff25041000 	/System/Library/Frameworks/CoreGraphics.framework/Versions/A/CoreGraphics
0x00007fff30322000 	/System/Library/Frameworks/Accelerate.framework/Versions/A/Accelerate
0x00007fff2b1e0000 	/System/Library/PrivateFrameworks/IconServices.framework/Versions/A/IconServices
0x00007fff2840b000 	/System/Library/Frameworks/IOSurface.framework/Versions/A/IOSurface
0x00007fff2655c000 	/usr/lib/libDiagnosticMessagesClient.dylib
0x00007fff28ab0000 	/System/Library/PrivateFrameworks/DFRFoundation.framework/Versions/A/DFRFoundation
0x00007fff22666000 	/usr/lib/libicucore.A.dylib
0x00007fff2ccec000 	/System/Library/Frameworks/AudioToolbox.framework/Versions/A/AudioToolbox
0x00007fff2bf91000 	/System/Library/PrivateFrameworks/DataDetectorsCore.framework/Versions/A/DataDetectorsCore
0x00007fff287b0000 	/System/Library/Frameworks/Carbon.framework/Versions/A/Frameworks/HIToolbox.framework/Versions/A/HIToolbox
0x00007fff26cf5000 	/System/Library/Frameworks/QuartzCore.framework/Versions/A/QuartzCore
0x00007fff2fd07000 	/System/Library/Frameworks/Carbon.framework/Versions/A/Frameworks/SpeechRecognition.framework/Versions/A/SpeechRecognition
0x00007fff27002000 	/System/Library/PrivateFrameworks/CoreUI.framework/Versions/A/CoreUI
0x00007fff21c6f000 	/System/Library/Frameworks/CoreAudio.framework/Versions/A/CoreAudio
0x00007fff26647000 	/System/Library/Frameworks/DiskArbitration.framework/Versions/A/DiskArbitration
0x00007fff2bba0000 	/System/Library/PrivateFrameworks/MultitouchSupport.framework/Versions/A/MultitouchSupport
0x00007fff2bf88000 	/System/Library/PrivateFrameworks/InternationalSupport.framework/Versions/A/InternationalSupport
0x00007fff24c4e000 	/usr/lib/libenergytrace.dylib
0x00007fff22c34000 	/System/Library/Frameworks/IOKit.framework/Versions/A/IOKit
0x00007fff30054000 	/System/Library/Frameworks/CoreServices.framework/Versions/A/CoreServices
0x00007fff27230000 	/System/Library/PrivateFrameworks/PerformanceAnalysis.framework/Versions/A/PerformanceAnalysis
0x00007fff6c9be000 	/System/Library/Frameworks/OpenGL.framework/Versions/A/OpenGL
0x00007fff2c00d000 	/System/Library/PrivateFrameworks/UserActivity.framework/Versions/A/UserActivity
0x00007fff256d5000 	/System/Library/Frameworks/ColorSync.framework/Versions/A/ColorSync
0x00007fff28d2d000 	/System/Library/Frameworks/CoreImage.framework/Versions/A/CoreImage
0x00007fff21a86000 	/System/Library/Frameworks/CoreText.framework/Versions/A/CoreText
0x00007fff28af2000 	/System/Library/Frameworks/ImageIO.framework/Versions/A/ImageIO
0x00007fff2a66b000 	/System/Library/PrivateFrameworks/SoftLinking.framework/Versions/A/SoftLinking
0x00007fff272e6000 	/usr/lib/libxml2.2.dylib
0x00007fff203bf000 	/usr/lib/libc++.1.dylib
0x00007fff2a8dd000 	/usr/lib/libcompression.dylib
0x00007fff24c4f000 	/usr/lib/libMobileGestalt.dylib
0x00007fff2bebb000 	/System/Library/PrivateFrameworks/TextureIO.framework/Versions/A/TextureIO
0x00007fff2af03000 	/usr/lib/libate.dylib
0x00007fff2a65f000 	/usr/lib/system/libcache.dylib
0x00007fff2a61b000 	/usr/lib/system/libcommonCrypto.dylib
0x00007fff2a645000 	/usr/lib/system/libcompiler_rt.dylib
0x00007fff2a63a000 	/usr/lib/system/libcopyfile.dylib
0x00007fff201e8000 	/usr/lib/system/libcorecrypto.dylib
0x00007fff202b5000 	/usr/lib/system/libdispatch.dylib
0x00007fff20469000 	/usr/lib/system/libdyld.dylib
0x00007fff2a656000 	/usr/lib/system/libkeymgr.dylib
0x00007fff2da9e000 	/usr/lib/system/liblaunch.dylib
0x00007fff2a5f9000 	/usr/lib/system/libmacho.dylib
0x00007fff29e13000 	/usr/lib/system/libquarantine.dylib
0x00007fff2a653000 	/usr/lib/system/libremovefile.dylib
0x00007fff24cab000 	/usr/lib/system/libsystem_asl.dylib
0x00007fff20198000 	/usr/lib/system/libsystem_blocks.dylib
0x00007fff20336000 	/usr/lib/system/libsystem_c.dylib
0x00007fff2a64d000 	/usr/lib/system/libsystem_collections.dylib
0x00007fff29107000 	/usr/lib/system/libsystem_configuration.dylib
0x00007fff283fa000 	/usr/lib/system/libsystem_containermanager.dylib
0x00007fff2a395000 	/usr/lib/system/libsystem_coreservices.dylib
0x00007fff228c8000 	/usr/lib/system/libsystem_darwin.dylib
0x00007fff2a657000 	/usr/lib/system/libsystem_dnssd.dylib
0x00007fff20333000 	/usr/lib/system/libsystem_featureflags.dylib
0x00007fff204ae000 	/usr/lib/system/libsystem_info.dylib
0x00007fff2a5b0000 	/usr/lib/system/libsystem_m.dylib
0x00007fff20288000 	/usr/lib/system/libsystem_malloc.dylib
0x00007fff24c3f000 	/usr/lib/system/libsystem_networkextension.dylib
0x00007fff22ce3000 	/usr/lib/system/libsystem_notify.dylib
0x00007fff2ff52000 	/usr/lib/system/libsystem_product_info_filter.dylib
0x00007fff2910b000 	/usr/lib/system/libsystem_sandbox.dylib
0x00007fff2a650000 	/usr/lib/system/libsystem_secinit.dylib
0x00007fff2042e000 	/usr/lib/system/libsystem_kernel.dylib
0x00007fff204a4000 	/usr/lib/system/libsystem_platform.dylib
0x00007fff2045d000 	/usr/lib/system/libsystem_pthread.dylib
0x00007fff263aa000 	/usr/lib/system/libsystem_symptoms.dylib
0x00007fff201d0000 	/usr/lib/system/libsystem_trace.dylib
0x00007fff2a627000 	/usr/lib/system/libunwind.dylib
0x00007fff2019a000 	/usr/lib/system/libxpc.dylib
0x00007fff20415000 	/usr/lib/libc++abi.dylib
0x00007fff2a632000 	/usr/lib/liboah.dylib
0x00007fff2ace8000 	/usr/lib/liblzma.5.dylib
0x00007fff20f9b000 	/System/Library/Frameworks/SystemConfiguration.framework/Versions/A/SystemConfiguration
0x00007fff2a667000 	/usr/lib/libfakelink.dylib
0x00007fff247a1000 	/System/Library/Frameworks/CFNetwork.framework/Versions/A/CFNetwork
0x00007fff2a7a7000 	/usr/lib/libarchive.2.dylib
0x00007fff21019000 	/usr/lib/libCRFSuite.dylib
0x00007fff29e3a000 	/usr/lib/libbsm.0.dylib
0x00007fff2415d000 	/usr/lib/libnetwork.dylib
0x00007fff2a66c000 	/usr/lib/libpcap.A.dylib
0x00007fff263a3000 	/usr/lib/libdns_services.dylib
0x00007fff2ad01000 	/usr/lib/libcoretls_cfhelpers.dylib
0x00007fff2a8ab000 	/usr/lib/libapple_nghttp2.dylib
0x00007fff2a5ff000 	/usr/lib/system/libkxld.dylib
0x00007fff26009000 	/usr/lib/libsqlite3.dylib
0x00007fff2a377000 	/System/Library/PrivateFrameworks/AppleFSCompression.framework/Versions/A/AppleFSCompression
0x00007fff29e22000 	/usr/lib/libcoretls.dylib
0x00007fff2a8d8000 	/usr/lib/libpam.2.dylib
0x00007fff2adfe000 	/usr/lib/libxar.1.dylib
0x00007fff29112000 	/System/Library/PrivateFrameworks/AppleSystemInfo.framework/Versions/A/AppleSystemInfo
0x00007fff29a65000 	/System/Library/PrivateFrameworks/IOMobileFramebuffer.framework/Versions/A/IOMobileFramebuffer
0x00007fff2a387000 	/usr/lib/libbz2.1.0.dylib
0x00007fff2a6a4000 	/usr/lib/libiconv.2.dylib
0x00007fff2a5f8000 	/usr/lib/libcharset.1.dylib
0x00007fff2726c000 	/System/Library/Frameworks/CoreServices.framework/Versions/A/Frameworks/FSEvents.framework/Versions/A/FSEvents
0x00007fff228d2000 	/System/Library/Frameworks/CoreServices.framework/Versions/A/Frameworks/CarbonCore.framework/Versions/A/CarbonCore
0x00007fff265ac000 	/System/Library/Frameworks/CoreServices.framework/Versions/A/Frameworks/Metadata.framework/Versions/A/Metadata
0x00007fff2a39a000 	/System/Library/Frameworks/CoreServices.framework/Versions/A/Frameworks/OSServices.framework/Versions/A/OSServices
0x00007fff2a819000 	/System/Library/Frameworks/CoreServices.framework/Versions/A/Frameworks/SearchKit.framework/Versions/A/SearchKit
0x00007fff2632d000 	/System/Library/Frameworks/CoreServices.framework/Versions/A/Frameworks/AE.framework/Versions/A/AE
0x00007fff20976000 	/System/Library/Frameworks/CoreServices.framework/Versions/A/Frameworks/LaunchServices.framework/Versions/A/LaunchServices
0x00007fff2ac99000 	/System/Library/Frameworks/CoreServices.framework/Versions/A/Frameworks/DictionaryServices.framework/Versions/A/DictionaryServices
0x00007fff27275000 	/System/Library/Frameworks/CoreServices.framework/Versions/A/Frameworks/SharedFileList.framework/Versions/A/SharedFileList
0x00007fff29e16000 	/usr/lib/libCheckFix.dylib
0x00007fff24cc2000 	/System/Library/PrivateFrameworks/TCC.framework/Versions/A/TCC
0x00007fff29118000 	/System/Library/PrivateFrameworks/CoreNLP.framework/Versions/A/CoreNLP
0x00007fff2655f000 	/System/Library/PrivateFrameworks/MetadataUtilities.framework/Versions/A/MetadataUtilities
0x00007fff2104f000 	/usr/lib/libmecabra.dylib
0x00007fff2a129000 	/System/Library/Frameworks/MLCompute.framework/Versions/A/MLCompute
0x00007fff29e4b000 	/usr/lib/libmecab.dylib
0x00007fff29e95000 	/usr/lib/libgermantok.dylib
0x00007fff2a881000 	/usr/lib/libThaiTokenizer.dylib
0x00007fff2ae39000 	/usr/lib/libChineseTokenizer.dylib
0x00007fff2a8d6000 	/System/Library/Frameworks/MetalPerformanceShaders.framework/Versions/A/MetalPerformanceShaders
0x00007fff2664e000 	/System/Library/Frameworks/Accelerate.framework/Versions/A/Frameworks/vImage.framework/Versions/A/vImage
0x00007fff3002d000 	/System/Library/Frameworks/Accelerate.framework/Versions/A/Frameworks/vecLib.framework/Versions/A/vecLib
0x00007fff2ae44000 	/System/Library/Frameworks/Accelerate.framework/Versions/A/Frameworks/vecLib.framework/Versions/A/libvMisc.dylib
0x00007fff2987e000 	/System/Library/Frameworks/Accelerate.framework/Versions/A/Frameworks/vecLib.framework/Versions/A/libvDSP.dylib
0x00007fff20c7a000 	/System/Library/Frameworks/Accelerate.framework/Versions/A/Frameworks/vecLib.framework/Versions/A/libBLAS.dylib
0x00007fff2a8fc000 	/System/Library/Frameworks/Accelerate.framework/Versions/A/Frameworks/vecLib.framework/Versions/A/libLAPACK.dylib
0x00007fff29e9b000 	/System/Library/Frameworks/Accelerate.framework/Versions/A/Frameworks/vecLib.framework/Versions/A/libLinearAlgebra.dylib
0x00007fff2a8c3000 	/System/Library/Frameworks/Accelerate.framework/Versions/A/Frameworks/vecLib.framework/Versions/A/libSparseBLAS.dylib
0x00007fff2a8f6000 	/System/Library/Frameworks/Accelerate.framework/Versions/A/Frameworks/vecLib.framework/Versions/A/libQuadrature.dylib
0x00007fff291c0000 	/System/Library/Frameworks/Accelerate.framework/Versions/A/Frameworks/vecLib.framework/Versions/A/libBNNS.dylib
0x00007fff20f2c000 	/System/Library/Frameworks/Accelerate.framework/Versions/A/Frameworks/vecLib.framework/Versions/A/libSparse.dylib
0x00007fff290ab000 	/System/Library/Frameworks/MetalPerformanceShaders.framework/Versions/A/Frameworks/MPSCore.framework/Versions/A/MPSCore
0x00007fff2a2e6000 	/System/Library/Frameworks/MetalPerformanceShaders.framework/Versions/A/Frameworks/MPSImage.framework/Versions/A/MPSImage
0x00007fff29eb1000 	/System/Library/Frameworks/MetalPerformanceShaders.framework/Versions/A/Frameworks/MPSNeuralNetwork.framework/Versions/A/MPSNeuralNetwork
0x00007fff2a271000 	/System/Library/Frameworks/MetalPerformanceShaders.framework/Versions/A/Frameworks/MPSMatrix.framework/Versions/A/MPSMatrix
0x00007fff2a0d9000 	/System/Library/Frameworks/MetalPerformanceShaders.framework/Versions/A/Frameworks/MPSRayIntersector.framework/Versions/A/MPSRayIntersector
0x00007fff2a2a8000 	/System/Library/Frameworks/MetalPerformanceShaders.framework/Versions/A/Frameworks/MPSNDArray.framework/Versions/A/MPSNDArray
0x00007fff20ba6000 	/System/Library/PrivateFrameworks/MetalTools.framework/Versions/A/MetalTools
0x00007fff29110000 	/System/Library/PrivateFrameworks/AggregateDictionary.framework/Versions/A/AggregateDictionary
0x00007fff26537000 	/System/Library/PrivateFrameworks/CoreAnalytics.framework/Versions/A/CoreAnalytics
0x00007fff2a883000 	/System/Library/PrivateFrameworks/AppleSauce.framework/Versions/A/AppleSauce
0x00007fff2841d000 	/System/Library/PrivateFrameworks/IOAccelerator.framework/Versions/A/IOAccelerator
0x00007fff6c9b2000 	/System/Library/Frameworks/OpenGL.framework/Versions/A/Libraries/libCoreFSCache.dylib
0x00007fff215eb000 	/System/Library/PrivateFrameworks/LanguageModeling.framework/Versions/A/LanguageModeling
0x00007fff29a52000 	/System/Library/PrivateFrameworks/CoreEmoji.framework/Versions/A/CoreEmoji
0x00007fff291b9000 	/System/Library/PrivateFrameworks/LinguisticData.framework/Versions/A/LinguisticData
0x00007fff20ede000 	/System/Library/PrivateFrameworks/Lexicon.framework/Versions/A/Lexicon
0x00007fff2a795000 	/usr/lib/libcmph.dylib
0x00007fff2724c000 	/System/Library/Frameworks/OpenDirectory.framework/Versions/A/Frameworks/CFOpenDirectory.framework/Versions/A/CFOpenDirectory
0x00007fff2723c000 	/System/Library/Frameworks/OpenDirectory.framework/Versions/A/OpenDirectory
0x00007fff2ad03000 	/System/Library/PrivateFrameworks/APFS.framework/Versions/A/APFS
0x00007fff29d77000 	/System/Library/Frameworks/SecurityFoundation.framework/Versions/A/SecurityFoundation
0x00007fff2ae0c000 	/usr/lib/libutil.dylib
0x00007fff22bf9000 	/System/Library/PrivateFrameworks/CoreServicesStore.framework/Versions/A/CoreServicesStore
0x00007fff29e0e000 	/System/Library/Frameworks/ServiceManagement.framework/Versions/A/ServiceManagement
0x00007fff2ae10000 	/usr/lib/libxslt.1.dylib
0x00007fff29e04000 	/System/Library/PrivateFrameworks/BackgroundTaskManagement.framework/Versions/A/BackgroundTaskManagement
0x00007fff2be05000 	/System/Library/Frameworks/ImageIO.framework/Versions/A/Resources/libRadiance.dylib
0x00007fff2be0f000 	/System/Library/Frameworks/ImageIO.framework/Versions/A/Resources/libJPEG.dylib
0x00007fff2bd5a000 	/System/Library/Frameworks/ImageIO.framework/Versions/A/Resources/libPng.dylib
0x00007fff2bd81000 	/System/Library/Frameworks/ImageIO.framework/Versions/A/Resources/libTIFF.dylib
0x00007fff2be64000 	/System/Library/Frameworks/ImageIO.framework/Versions/A/Resources/libGIF.dylib
0x00007fff2babd000 	/System/Library/Frameworks/ImageIO.framework/Versions/A/Resources/libJP2.dylib
0x00007fff2b1a7000 	/usr/lib/libexpat.1.dylib
0x00007fff2ba72000 	/System/Library/PrivateFrameworks/AppleJPEG.framework/Versions/A/AppleJPEG
0x00007fff28653000 	/System/Library/PrivateFrameworks/FontServices.framework/libFontParser.dylib
0x00007fff262e1000 	/System/Library/PrivateFrameworks/RunningBoardServices.framework/Versions/A/RunningBoardServices
0x00007fff2bb9c000 	/System/Library/PrivateFrameworks/WatchdogClient.framework/Versions/A/WatchdogClient
0x00007fff216d8000 	/System/Library/Frameworks/CoreDisplay.framework/Versions/A/CoreDisplay
0x00007fff28569000 	/System/Library/Frameworks/CoreMedia.framework/Versions/A/CoreMedia
0x00007fff273c9000 	/System/Library/Frameworks/CoreVideo.framework/Versions/A/CoreVideo
0x00007fff2bbd4000 	/System/Library/Frameworks/VideoToolbox.framework/Versions/A/VideoToolbox
0x00007fff2625f000 	/System/Library/PrivateFrameworks/BaseBoard.framework/Versions/A/BaseBoard
0x00007fff2b2ec000 	/System/Library/PrivateFrameworks/PersistentConnection.framework/Versions/A/PersistentConnection
0x00007fff25ff2000 	/System/Library/PrivateFrameworks/ProtocolBuffer.framework/Versions/A/ProtocolBuffer
0x00007fff26246000 	/System/Library/PrivateFrameworks/CommonUtilities.framework/Versions/A/CommonUtilities
0x00007fff2ba07000 	/System/Library/PrivateFrameworks/Bom.framework/Versions/A/Bom
0x00007fff2bdfe000 	/System/Library/PrivateFrameworks/GPUWrangler.framework/Versions/A/GPUWrangler
0x00007fff2bde1000 	/System/Library/PrivateFrameworks/IOPresentment.framework/Versions/A/IOPresentment
0x00007fff2be09000 	/System/Library/PrivateFrameworks/DSExternalDisplay.framework/Versions/A/DSExternalDisplay
0x00007fff2be69000 	/System/Library/PrivateFrameworks/CMCaptureCore.framework/Versions/A/CMCaptureCore
0x00007fff2b78c000 	/System/Library/PrivateFrameworks/AppServerSupport.framework/Versions/A/AppServerSupport
0x00007fff2d83d000 	/System/Library/PrivateFrameworks/perfdata.framework/Versions/A/perfdata
0x00007fff29d66000 	/System/Library/PrivateFrameworks/AssertionServices.framework/Versions/A/AssertionServices
0x00007fff2180f000 	/System/Library/PrivateFrameworks/AudioToolboxCore.framework/Versions/A/AudioToolboxCore
0x00007fff2854c000 	/System/Library/PrivateFrameworks/caulk.framework/Versions/A/caulk
0x00007fff3d4e8000 	/System/Library/PrivateFrameworks/SystemPolicy.framework/Versions/A/SystemPolicy
0x00007fff2af9c000 	/usr/lib/libIOReport.dylib
0x00007fff2d05f000 	/usr/lib/libSMC.dylib
0x00007fff2bd27000 	/usr/lib/libAudioToolboxUtility.dylib
0x00007fff3de52000 	/usr/lib/libmis.dylib
0x00007fff6ca0e000 	/System/Library/Frameworks/OpenGL.framework/Versions/A/Libraries/libGLU.dylib
0x00007fff6c9d1000 	/System/Library/Frameworks/OpenGL.framework/Versions/A/Libraries/libGFXShared.dylib
0x00007fff6cbe0000 	/System/Library/Frameworks/OpenGL.framework/Versions/A/Libraries/libGL.dylib
0x00007fff6c9da000 	/System/Library/Frameworks/OpenGL.framework/Versions/A/Libraries/libGLImage.dylib
0x00007fff6c9ce000 	/System/Library/Frameworks/OpenGL.framework/Versions/A/Libraries/libCVMSPluginSupport.dylib
0x00007fff6c9b9000 	/System/Library/Frameworks/OpenGL.framework/Versions/A/Libraries/libCoreVMClient.dylib
0x00007fff6e021000 	/System/Library/Frameworks/OpenCL.framework/Versions/A/OpenCL
0x00007fff2b316000 	/System/Library/PrivateFrameworks/GraphVisualizer.framework/Versions/A/GraphVisualizer
0x00007fff2b325000 	/System/Library/PrivateFrameworks/FaceCore.framework/Versions/A/FaceCore
0x00007fff2b741000 	/System/Library/PrivateFrameworks/OTSVG.framework/Versions/A/OTSVG
0x00007fff26fc0000 	/System/Library/Frameworks/ApplicationServices.framework/Versions/A/Frameworks/ATS.framework/Versions/A/Resources/libFontRegistry.dylib
0x00007fff2b793000 	/System/Library/PrivateFrameworks/FontServices.framework/libhvf.dylib
0x00007fff2b153000 	/System/Library/PrivateFrameworks/AppleVA.framework/Versions/A/AppleVA
0x00007fff2cea8000 	/System/Library/Frameworks/ApplicationServices.framework/Versions/A/Frameworks/ATS.framework/Versions/A/ATS
0x00007fff2d1ba000 	/System/Library/Frameworks/ApplicationServices.framework/Versions/A/Frameworks/ColorSyncLegacy.framework/Versions/A/ColorSyncLegacy
0x00007fff257cc000 	/System/Library/Frameworks/ApplicationServices.framework/Versions/A/Frameworks/HIServices.framework/Versions/A/HIServices
0x00007fff2d19f000 	/System/Library/Frameworks/ApplicationServices.framework/Versions/A/Frameworks/LangAnalysis.framework/Versions/A/LangAnalysis
0x00007fff2be73000 	/System/Library/Frameworks/ApplicationServices.framework/Versions/A/Frameworks/PrintCore.framework/Versions/A/PrintCore
0x00007fff2d1c2000 	/System/Library/Frameworks/ApplicationServices.framework/Versions/A/Frameworks/QD.framework/Versions/A/QD
0x00007fff2ce98000 	/System/Library/Frameworks/ApplicationServices.framework/Versions/A/Frameworks/SpeechSynthesis.framework/Versions/A/SpeechSynthesis
0x00007fff2be34000 	/System/Library/Frameworks/ApplicationServices.framework/Versions/A/Frameworks/ATSUI.framework/Versions/A/ATSUI
0x00007fff2d13f000 	/usr/lib/libcups.2.dylib
0x00007fff2d1af000 	/System/Library/PrivateFrameworks/NetAuth.framework/Versions/A/NetAuth
0x00007fff2d859000 	/System/Library/Frameworks/Kerberos.framework/Versions/A/Kerberos
0x00007fff2d869000 	/System/Library/Frameworks/GSS.framework/Versions/A/GSS
0x00007fff2cf14000 	/usr/lib/libresolv.9.dylib
0x00007fff2b7a8000 	/System/Library/PrivateFrameworks/Heimdal.framework/Versions/A/Heimdal
0x00007fff335ed000 	/System/Library/Frameworks/Kerberos.framework/Versions/A/Libraries/libHeimdalProxy.dylib
0x00007fff263b2000 	/System/Library/Frameworks/Network.framework/Versions/A/Network
0x00007fff2b1c1000 	/usr/lib/libheimdal-asn1.dylib
0x00007fff2d8b9000 	/System/Library/PrivateFrameworks/CommonAuth.framework/Versions/A/CommonAuth
0x00007fff27416000 	/System/Library/PrivateFrameworks/login.framework/Versions/A/Frameworks/loginsupport.framework/Versions/A/loginsupport
0x00007fff2ce1d000 	/System/Library/PrivateFrameworks/AudioSession.framework/Versions/A/AudioSession
0x00007fff2ce85000 	/usr/lib/libAudioStatistics.dylib
0x00007fff2b24e000 	/System/Library/PrivateFrameworks/MediaExperience.framework/Versions/A/MediaExperience
0x00007fff2ccba000 	/System/Library/PrivateFrameworks/AudioSession.framework/libSessionUtility.dylib
0x00007fff2d84a000 	/usr/lib/libperfcheck.dylib
0x00007fff2d1ce000 	/System/Library/PrivateFrameworks/AudioResourceArbitration.framework/Versions/A/AudioResourceArbitration
0x00007fff2b1cb000 	/System/Library/PrivateFrameworks/IconFoundation.framework/Versions/A/IconFoundation
0x00007fff2fcf7000 	/System/Library/PrivateFrameworks/SpeechRecognitionCore.framework/Versions/A/SpeechRecognitionCore
0x00007fff5de0c000 	/System/Library/CoreServices/Encodings/libSimplifiedChineseConverter.dylib
0x000000010c000000 	/Library/Java/JavaVirtualMachines/jdk1.8.0_211.jdk/Contents/Home/jre/lib/server/libjvm.dylib
0x00007fff788fa000 	/usr/lib/libstdc++.6.dylib
0x0000000105fca000 	/Library/Java/JavaVirtualMachines/jdk1.8.0_211.jdk/Contents/Home/jre/lib/libverify.dylib
0x000000010cfb9000 	/Library/Java/JavaVirtualMachines/jdk1.8.0_211.jdk/Contents/Home/jre/lib/libjava.dylib
0x000000010cfef000 	/Library/Java/JavaVirtualMachines/jdk1.8.0_211.jdk/Contents/Home/jre/lib/libjdwp.dylib
0x0000000105fd9000 	/Library/Java/JavaVirtualMachines/jdk1.8.0_211.jdk/Contents/Home/jre/lib/libnpt.dylib
0x0000000105fdd000 	/Library/Java/JavaVirtualMachines/jdk1.8.0_211.jdk/Contents/Home/jre/lib/libinstrument.dylib
0x000000010d083000 	/Library/Java/JavaVirtualMachines/jdk1.8.0_211.jdk/Contents/Home/jre/lib/libzip.dylib
0x000000010d485000 	/Library/Java/JavaVirtualMachines/jdk1.8.0_211.jdk/Contents/Home/jre/lib/libdt_socket.dylib

VM Arguments:
jvm_args: -agentlib:jdwp=transport=dt_socket,address=127.0.0.1:61703,suspend=y,server=n -javaagent:/Users/jiangbolun/Library/Caches/IntelliJIdea2019.3/captureAgent/debugger-agent.jar -Dfile.encoding=UTF-8 
java_command: 高频题.findMedianSortedArrays_4
java_class_path (initial): /Library/Java/JavaVirtualMachines/jdk1.8.0_211.jdk/Contents/Home/jre/lib/charsets.jar:/Library/Java/JavaVirtualMachines/jdk1.8.0_211.jdk/Contents/Home/jre/lib/deploy.jar:/Library/Java/JavaVirtualMachines/jdk1.8.0_211.jdk/Contents/Home/jre/lib/ext/cldrdata.jar:/Library/Java/JavaVirtualMachines/jdk1.8.0_211.jdk/Contents/Home/jre/lib/ext/dnsns.jar:/Library/Java/JavaVirtualMachines/jdk1.8.0_211.jdk/Contents/Home/jre/lib/ext/jaccess.jar:/Library/Java/JavaVirtualMachines/jdk1.8.0_211.jdk/Contents/Home/jre/lib/ext/jfxrt.jar:/Library/Java/JavaVirtualMachines/jdk1.8.0_211.jdk/Contents/Home/jre/lib/ext/localedata.jar:/Library/Java/JavaVirtualMachines/jdk1.8.0_211.jdk/Contents/Home/jre/lib/ext/nashorn.jar:/Library/Java/JavaVirtualMachines/jdk1.8.0_211.jdk/Contents/Home/jre/lib/ext/sunec.jar:/Library/Java/JavaVirtualMachines/jdk1.8.0_211.jdk/Contents/Home/jre/lib/ext/sunjce_provider.jar:/Library/Java/JavaVirtualMachines/jdk1.8.0_211.jdk/Contents/Home/jre/lib/ext/sunpkcs11.jar:/Library/Java/JavaVirtualMachines/jdk1.8.0_211.jdk/Contents/Home/jre/lib/ext/zipfs.jar:/Library/Java/JavaVirtualMachines/jdk1.8.0_211.jdk/Contents/Home/jre/lib/javaws.jar:/Library/Java/JavaVirtualMachines/jdk1.8.0_211.jdk/Contents/Home/jre/lib/jce.jar:/Library/Java/JavaVirtualMachines/jdk1.8.0_211.jdk/Contents/Home/jre/lib/jfr.jar:/Library/Java/JavaVirtualMachines/jdk1.8.0_211.jdk/Contents/Home/jre/lib/jfxswt.jar:/Library/Java/JavaVirtualMachines/jdk1.8.0_211.jdk/Contents/Home/jre/lib/jsse.jar:/Library/Java/JavaVirtualMachines/jdk1.8.0_211.jdk/Contents/Home/jre/lib/management-agent.jar:/Library/Java/JavaVirtualMachines/jdk1.8.0_211.jdk/Contents/Home/jre/lib/plugin.jar:/Library/Java/JavaVirtualMachines/jdk1.8.0_211.jdk/Contents/Home/jre/lib/resources.jar:/Library/Java/JavaVirtualMachines/jdk1.8.0_211.jdk/Contents/Home/jre/lib/rt.jar:/Library/Java/JavaVirtualMachines/jdk1.8.0_211.jdk/Contents/Home/lib/ant-javafx.jar:/Library/Java/JavaVirtualMachines/jdk1.8.0_211.jdk/Contents/Home
Launcher Type: SUN_STANDARD

Environment Variables:
JAVA_HOME=/Library/Java/JavaVirtualMachines/jdk1.8.0_211.jdk/Contents/Home
PATH=/usr/local/sbin:/usr/local/bin:/usr/local/sbin:/usr/local/bin:/usr/local/bin:/usr/bin:/bin:/usr/sbin:/sbin:/Applications/VMware Fusion.app/Contents/Public:/Users/jiangbolun/IdeaProjects/apache-maven-3.6.3/bin:/Users/jiangbolun/IdeaProjects/gradle-5.4/bin
SHELL=/bin/zsh

Signal Handlers:
SIGSEGV: [libjvm.dylib+0x5b71a7], sa_mask[0]=11111111011111110111111111111111, sa_flags=SA_ONSTACK|SA_RESTART|SA_SIGINFO
SIGBUS: [libjvm.dylib+0x5b71a7], sa_mask[0]=11111111011111110111111111111111, sa_flags=SA_RESTART|SA_SIGINFO
SIGFPE: [libjvm.dylib+0x48c8fc], sa_mask[0]=11111111011111110111111111111111, sa_flags=SA_RESTART|SA_SIGINFO
SIGPIPE: [libjvm.dylib+0x48c8fc], sa_mask[0]=11111111011111110111111111111111, sa_flags=SA_RESTART|SA_SIGINFO
SIGXFSZ: [libjvm.dylib+0x48c8fc], sa_mask[0]=11111111011111110111111111111111, sa_flags=SA_RESTART|SA_SIGINFO
SIGILL: [libjvm.dylib+0x48c8fc], sa_mask[0]=11111111011111110111111111111111, sa_flags=SA_RESTART|SA_SIGINFO
SIGUSR1: SIG_DFL, sa_mask[0]=00000000000000000000000000000000, sa_flags=none
SIGUSR2: [libjvm.dylib+0x48c41a], sa_mask[0]=00100000000000000000000000000000, sa_flags=SA_RESTART|SA_SIGINFO
SIGHUP: [libjvm.dylib+0x48a9a5], sa_mask[0]=11111111011111110111111111111111, sa_flags=SA_RESTART|SA_SIGINFO
SIGINT: [libjvm.dylib+0x48a9a5], sa_mask[0]=11111111011111110111111111111111, sa_flags=SA_RESTART|SA_SIGINFO
SIGTERM: [libjvm.dylib+0x48a9a5], sa_mask[0]=11111111011111110111111111111111, sa_flags=SA_RESTART|SA_SIGINFO
SIGQUIT: [libjvm.dylib+0x48a9a5], sa_mask[0]=11111111011111110111111111111111, sa_flags=SA_RESTART|SA_SIGINFO


---------------  S Y S T E M  ---------------

OS:Bsduname:Darwin 20.3.0 Darwin Kernel Version 20.3.0: Thu Jan 21 00:07:06 PST 2021; root:xnu-7195.81.3~1/RELEASE_X86_64 x86_64
rlimit: STACK 8192k, CORE 0k, NPROC 5568, NOFILE 10240, AS infinity
load average:3.03 2.69 2.55

CPU:total 12 (initial active 12) (6 cores per cpu, 2 threads per core) family 6 model 158 stepping 10, cmov, cx8, fxsr, mmx, sse, sse2, sse3, ssse3, sse4.1, sse4.2, popcnt, avx, avx2, aes, clmul, erms, 3dnowpref, lzcnt, ht, tsc, tscinvbit, bmi1, bmi2, adx

Memory: 4k page, physical 33554432k(3241160k free)

/proc/meminfo:


vm_info: Java HotSpot(TM) 64-Bit Server VM (25.211-b12) for bsd-amd64 JRE (1.8.0_211-b12), built on Apr  1 2019 20:53:18 by "java_re" with gcc 4.2.1 (Based on Apple Inc. build 5658) (LLVM build 2336.11.00)

time: Sat Mar 27 18:16:33 2021
timezone: CST
elapsed time: 352 seconds (0d 0h 5m 52s)

